TN:
SF:src/presentation/controllers/signup/signup.ts
FN:9,SignUpController
FN:14,handle
FNF:2
FNH:2
FNDA:11,SignUpController
FNDA:11,handle
DA:1,1
DA:2,1
DA:3,1
DA:4,1
DA:5,1
DA:6,1
DA:7,1
DA:8,1
DA:9,1
DA:10,11
DA:11,11
DA:12,11
DA:13,1
DA:14,1
DA:15,11
DA:16,11
DA:17,11
DA:18,38
DA:19,4
DA:20,4
DA:21,38
DA:22,7
DA:23,11
DA:24,1
DA:25,1
DA:26,6
DA:27,11
DA:28,1
DA:29,1
DA:30,4
DA:31,4
DA:32,4
DA:33,4
DA:34,4
DA:35,4
DA:36,11
DA:37,2
DA:38,2
DA:39,11
DA:40,1
LF:40
LH:40
BRDA:9,0,0,11
BRDA:14,1,0,11
BRDA:17,2,0,38
BRDA:18,3,0,4
BRDA:22,4,0,7
BRDA:23,5,0,1
BRDA:26,6,0,6
BRDA:27,7,0,1
BRDA:30,8,0,4
BRDA:36,9,0,2
BRF:10
BRH:10
end_of_record
TN:
SF:src/presentation/helpers/http-helper.ts
FN:4,ok
FN:9,badRequest
FN:14,serverError
FNF:3
FNH:3
FNDA:3,ok
FNDA:6,badRequest
FNDA:2,serverError
DA:1,1
DA:2,1
DA:3,1
DA:4,1
DA:5,3
DA:6,3
DA:7,3
DA:8,1
DA:9,1
DA:10,6
DA:11,6
DA:12,6
DA:13,1
DA:14,1
DA:15,2
DA:16,2
DA:17,2
LF:17
LH:17
BRDA:4,0,0,3
BRDA:9,1,0,6
BRDA:14,2,0,2
BRF:3
BRH:3
end_of_record
